[11-02-2023 18:24:28] Starting application.
[11-02-2023 18:24:29] Switching to render mode: full.
[11-02-2023 18:24:43] Loading cache C:\Users\Tyler\211. 317=false, OSRS=true, interface_rev=-1.
[11-02-2023 18:24:43] Opening interface 0.
[11-02-2023 18:24:46] Opening interface 818.
[11-02-2023 18:24:47] Opening interface 817.
[11-02-2023 18:24:47] Opening interface 816.
[11-02-2023 18:24:48] Opening interface 817.
[11-02-2023 18:24:49] Opening interface 816.
[11-02-2023 18:24:49] Opening interface 815.
[11-02-2023 18:24:49] Opening interface 814.
[11-02-2023 18:24:50] Opening interface 813.
[11-02-2023 18:24:50] Opening interface 812.
[11-02-2023 18:24:50] Opening interface 811.
[11-02-2023 18:24:50] Opening interface 810.
[11-02-2023 18:24:50] Opening interface 809.
[11-02-2023 18:24:50] Opening interface 808.
[11-02-2023 18:24:51] Opening interface 809.
[11-02-2023 18:24:51] Opening interface 810.
[11-02-2023 18:24:52] Opening interface 809.
[11-02-2023 18:24:52] Opening interface 808.
[11-02-2023 18:24:52] Opening interface 807.
[11-02-2023 18:24:52] Opening interface 805.
[11-02-2023 18:24:53] Opening interface 807.
[11-02-2023 18:24:54] Opening interface 805.
[11-02-2023 18:24:54] Opening interface 804.
[11-02-2023 18:24:55] Opening interface 803.
[11-02-2023 18:24:55] Opening interface 802.
[11-02-2023 18:24:55] Opening interface 801.
[11-02-2023 18:24:56] Opening interface 802.
[11-02-2023 18:24:56] Opening interface 803.
[11-02-2023 18:24:56] Opening interface 804.
[11-02-2023 18:24:56] Opening interface 803.
[11-02-2023 18:24:57] Opening interface 802.
[11-02-2023 18:24:57] Opening interface 801.
[11-02-2023 18:24:57] Opening interface 800.
[11-02-2023 18:24:57] Opening interface 799.
[11-02-2023 18:24:57] Opening interface 798.
[11-02-2023 18:24:57] Opening interface 797.
[11-02-2023 18:24:57] Opening interface 796.
[11-02-2023 18:24:58] Opening interface 795.
[11-02-2023 18:24:58] Opening interface 794.
[11-02-2023 18:24:58] Opening interface 793.
[11-02-2023 18:24:58] Opening interface 792.
[11-02-2023 18:24:58] Opening interface 791.
[11-02-2023 18:24:58] Opening interface 790.
[11-02-2023 18:24:59] Opening interface 789.
[11-02-2023 18:24:59] Opening interface 788.
[11-02-2023 18:24:59] Opening interface 787.
[11-02-2023 18:24:59] Opening interface 786.
[11-02-2023 18:24:59] Opening interface 785.
[11-02-2023 18:24:59] Opening interface 786.
[11-02-2023 18:25:00] Opening interface 787.
[11-02-2023 18:25:00] Opening interface 788.
[11-02-2023 18:25:00] Opening interface 787.
[11-02-2023 18:25:01] Opening interface 786.
[11-02-2023 18:25:01] Opening interface 785.
[11-02-2023 18:25:01] Opening interface 784.
[11-02-2023 18:25:01] Opening interface 783.
[11-02-2023 18:25:01] Opening interface 782.
[11-02-2023 18:25:01] Opening interface 781.
[11-02-2023 18:25:01] Opening interface 780.
[11-02-2023 18:25:01] Opening interface 779.
[11-02-2023 18:25:01] Opening interface 778.
[11-02-2023 18:25:01] Opening interface 777.
[11-02-2023 18:25:01] Opening interface 776.
[11-02-2023 18:25:01] Opening interface 775.
[11-02-2023 18:25:01] Opening interface 774.
[11-02-2023 18:25:01] Opening interface 773.
[11-02-2023 18:25:01] Opening interface 772.
[11-02-2023 18:25:01] Opening interface 773.
[11-02-2023 18:25:02] Opening interface 774.
[11-02-2023 18:25:02] Opening interface 775.
[11-02-2023 18:25:02] Opening interface 776.
[11-02-2023 18:25:03] Opening interface 777.
[11-02-2023 18:25:03] Opening interface 778.
[11-02-2023 18:25:03] Opening interface 779.
[11-02-2023 18:25:04] Opening interface 780.
[11-02-2023 18:25:05] Opening interface 781.
[11-02-2023 18:25:06] Opening interface 780.
[11-02-2023 18:25:06] Opening interface 779.
[11-02-2023 18:25:06] Opening interface 778.
[11-02-2023 18:25:06] Opening interface 777.
[11-02-2023 18:25:06] Opening interface 776.
[11-02-2023 18:25:06] Opening interface 775.
[11-02-2023 18:25:06] Opening interface 774.
[11-02-2023 18:25:06] Opening interface 773.
[11-02-2023 18:25:06] Opening interface 772.
[11-02-2023 18:25:06] Opening interface 771.
[11-02-2023 18:25:07] Opening interface 770.
[11-02-2023 18:25:07] Opening interface 769.
[11-02-2023 18:25:07] Opening interface 768.
[11-02-2023 18:25:07] Opening interface 767.
[11-02-2023 18:25:07] Opening interface 766.
[11-02-2023 18:25:07] Opening interface 765.
[11-02-2023 18:25:07] Opening interface 764.
[11-02-2023 18:25:07] Opening interface 763.
[11-02-2023 18:25:07] Opening interface 762.
[11-02-2023 18:25:07] Opening interface 761.
[11-02-2023 18:25:07] Opening interface 760.
[11-02-2023 18:25:07] Opening interface 759.
[11-02-2023 18:25:07] Opening interface 758.
[11-02-2023 18:25:07] Opening interface 759.
[11-02-2023 18:25:07] Opening interface 760.
[11-02-2023 18:25:07] Opening interface 761.
[11-02-2023 18:25:08] Opening interface 762.
[11-02-2023 18:25:08] Opening interface 763.
[11-02-2023 18:25:09] Opening interface 762.
[11-02-2023 18:25:10] Opening interface 763.
[11-02-2023 18:25:11] Opening interface 762.
[11-02-2023 18:25:11] Opening interface 761.
[11-02-2023 18:25:11] Opening interface 760.
[11-02-2023 18:25:12] Opening interface 759.
[11-02-2023 18:25:12] Opening interface 758.
[11-02-2023 18:25:12] Opening interface 757.
[11-02-2023 18:25:13] Opening interface 758.
[11-02-2023 18:25:13] Opening interface 759.
[11-02-2023 18:25:13] Opening interface 758.
[11-02-2023 18:25:14] Opening interface 757.
[11-02-2023 18:25:14] Opening interface 756.
[11-02-2023 18:25:14] Opening interface 755.
[11-02-2023 18:25:14] Opening interface 754.
[11-02-2023 18:25:15] Opening interface 755.
[11-02-2023 18:25:17] Opening interface 754.
[11-02-2023 18:25:20] Opening interface 753.
[11-02-2023 18:25:21] Opening interface 752.
[11-02-2023 18:25:21] Opening interface 751.
[11-02-2023 18:25:22] Opening interface 750.
[11-02-2023 18:25:22] Opening interface 749.
[11-02-2023 18:25:22] Opening interface 748.
[11-02-2023 18:25:23] Opening interface 747.
[11-02-2023 18:25:23] Opening interface 746.
[11-02-2023 18:25:23] Opening interface 745.
[11-02-2023 18:25:23] Opening interface 746.
[11-02-2023 18:25:24] Opening interface 745.
[11-02-2023 18:25:25] Opening interface 744.
[11-02-2023 18:25:25] Opening interface 743.
[11-02-2023 18:25:25] Opening interface 742.
[11-02-2023 18:25:25] Opening interface 741.
[11-02-2023 18:25:25] Opening interface 740.
[11-02-2023 18:25:25] Opening interface 739.
[11-02-2023 18:25:25] Opening interface 738.
[11-02-2023 18:25:25] Opening interface 737.
[11-02-2023 18:25:25] Opening interface 736.
[11-02-2023 18:25:25] Opening interface 735.
[11-02-2023 18:25:25] Opening interface 736.
[11-02-2023 18:25:26] Opening interface 737.
[11-02-2023 18:25:36] Opening interface 735.
[11-02-2023 18:25:36] Opening interface 736.
[11-02-2023 18:25:36] Opening interface 735.
[11-02-2023 18:25:37] Opening interface 734.
[11-02-2023 18:25:37] Opening interface 731.
[11-02-2023 18:25:38] Opening interface 732.
[11-02-2023 18:25:38] Opening interface 734.
[11-02-2023 18:25:39] Opening interface 731.
[11-02-2023 18:25:39] Opening interface 725.
[11-02-2023 18:25:40] Opening interface 718.
[11-02-2023 18:25:40] Opening interface 706.
[11-02-2023 18:25:41] Opening interface 697.
[11-02-2023 18:25:41] Opening interface 688.
[11-02-2023 18:25:42] Opening interface 679.
[11-02-2023 18:25:42] Opening interface 667.
[11-02-2023 18:25:42] Opening interface 658.
[11-02-2023 18:25:44] Opening interface 656.
[11-02-2023 18:25:44] Opening interface 656.
[11-02-2023 18:25:45] Opening interface 626.
[11-02-2023 18:25:45] Opening interface 626.
[11-02-2023 18:25:46] Opening interface 264.
[11-02-2023 18:25:46] Opening interface 264.
[11-02-2023 18:25:47] Opening interface 264.
[11-02-2023 18:25:47] Opening interface 263.
[11-02-2023 18:25:47] Opening interface 263.
[11-02-2023 18:25:49] Selected [root].
[11-02-2023 18:25:50] Selected [component 1].
[11-02-2023 18:25:51] Selected [component 2].
[11-02-2023 18:25:51] Selected [component 1].
[11-02-2023 18:25:52] Selected [component 2].
[11-02-2023 18:25:54] Selected [component 1].
[11-02-2023 18:26:27] Closing application.
[15-02-2023 13:12:21] Starting application.
[15-02-2023 13:12:22] Switching to render mode: full.
[15-02-2023 13:12:28] Loading cache C:\Users\Tyler\211. 317=false, OSRS=true, interface_rev=-1.
[15-02-2023 13:12:30] Opening interface 728.
[15-02-2023 13:12:32] Selected [component 0].
[15-02-2023 13:12:33] Selected [component 1].
[15-02-2023 13:12:33] Selected [component 14].
[15-02-2023 13:12:33] Selected [component 15].
[15-02-2023 13:12:34] Selected [component 16].
[15-02-2023 13:12:35] Selected [component 0].
[15-02-2023 13:12:35] Selected [root].
[15-02-2023 13:12:35] Selected [component 0].
[15-02-2023 13:12:38] Selected [component 2].
[15-02-2023 13:12:38] Selected [component 3].
[15-02-2023 13:12:39] Selected [component 9].
[15-02-2023 13:12:39] Selected [component 11].
[15-02-2023 13:12:40] Selected [component 12].
[15-02-2023 13:12:40] Selected [component 11].
[15-02-2023 13:12:40] Selected [component 9].
[15-02-2023 13:12:41] Selected [component 7].
[15-02-2023 13:12:41] Selected [component 5].
[15-02-2023 13:12:49] Selected [component 11].
[15-02-2023 13:12:56] Selected [component 3].
[15-02-2023 13:12:56] Selected [component 1].
[15-02-2023 13:12:57] Selected [component 0].
[15-02-2023 13:12:57] Selected [root].
[15-02-2023 13:12:59] Selected [component 0].
[15-02-2023 13:13:00] Selected [root].
[15-02-2023 13:13:01] Selected [component 0].
[15-02-2023 13:13:05] Selected [component 15].
[15-02-2023 13:13:05] Selected [component 16].
[15-02-2023 13:13:05] Selected [component 14].
[15-02-2023 13:13:06] Selected [component 13].
